[debug] [2019-06-09T08:19:02.426Z] ----------------------------------------------------------------------
[debug] [2019-06-09T08:19:02.428Z] Command:       C:\Program Files\nodejs\node.exe C:\Users\Himanshu\AppData\Roaming\npm\node_modules\firebase-tools\lib\bin\firebase.js serve
[debug] [2019-06-09T08:19:02.428Z] CLI Version:   6.8.0
[debug] [2019-06-09T08:19:02.428Z] Platform:      win32
[debug] [2019-06-09T08:19:02.428Z] Node Version:  v10.13.0
[debug] [2019-06-09T08:19:02.429Z] Time:          Sun Jun 09 2019 13:49:02 GMT+0530 (India Standard Time)
[debug] [2019-06-09T08:19:02.429Z] ----------------------------------------------------------------------
[debug] 
[debug] [2019-06-09T08:19:02.437Z] > command requires scopes: ["email","openid","https://www.googleapis.com/auth/cloudplatformprojects.readonly","https://www.googleapis.com/auth/firebase","https://www.googleapis.com/auth/cloud-platform"]
[debug] [2019-06-09T08:19:02.437Z] > authorizing via signed-in user
[debug] [2019-06-09T08:19:02.437Z] [iam] checking project hjjinx-test for permissions ["firebase.projects.get"]
[debug] [2019-06-09T08:19:02.439Z] >>> HTTP REQUEST POST https://cloudresourcemanager.googleapis.com/v1/projects/hjjinx-test:testIamPermissions  

[debug] [2019-06-09T08:19:04.375Z] <<< HTTP RESPONSE 200
[debug] [2019-06-09T08:19:04.377Z] >>> HTTP REQUEST GET https://cloudresourcemanager.googleapis.com/v1/projects/hjjinx-test  
 
[debug] [2019-06-09T08:19:06.161Z] <<< HTTP RESPONSE 200
[info] 
[info] === Serving from 'C:\Users\Himanshu\Desktop\Coding\vcafe'...
[info] 
[info] i  functions: Preparing to emulate functions.
[debug] [2019-06-09T08:19:06.768Z] Fetching environment
[debug] [2019-06-09T08:19:06.770Z] >>> HTTP REQUEST GET https://mobilesdk-pa.googleapis.com/v1/projects/560110469644:getServerAppConfig  
 
[debug] [2019-06-09T08:19:07.344Z] <<< HTTP RESPONSE 200
[debug] [2019-06-09T08:19:07.344Z] Starting @google-cloud/functions-emulator
[debug] [2019-06-09T08:19:08.871Z] Parsing function triggers
[info] +  functions: api: http://localhost:5000/hjjinx-test/us-central1/api
